Copyright 1986-2017 Xilinx, Inc. All Rights Reserved.
------------------------------------------------------------------------------------------------------------------------
| Tool Version : Vivado v.2017.1 (win64) Build 1846317 Fri Apr 14 18:55:03 MDT 2017
| Date         : Mon Jul 23 14:25:31 2018
| Host         : Admin-pc running 64-bit Service Pack 1  (build 7601)
| Command      : report_drc -file deal_voice_drc_routed.rpt -pb deal_voice_drc_routed.pb -rpx deal_voice_drc_routed.rpx
| Design       : deal_voice
| Device       : xc7a200tfbg484-1
| Speed File   : -1
| Design State : Routed
------------------------------------------------------------------------------------------------------------------------

Report DRC

Table of Contents
-----------------
1. REPORT SUMMARY
2. REPORT DETAILS

1. REPORT SUMMARY
-----------------
            Netlist: netlist
          Floorplan: design_1
      Design limits: <entire design considered>
           Ruledeck: default
             Max violations: <unlimited>
             Violations found: 5
+----------+----------+-----------------------------------------------------+------------+
| Rule     | Severity | Description                                         | Violations |
+----------+----------+-----------------------------------------------------+------------+
| CFGBVS-1 | Warning  | Missing CFGBVS and CONFIG_VOLTAGE Design Properties | 1          |
| PDRC-153 | Warning  | Gated clock check                                   | 4          |
+----------+----------+-----------------------------------------------------+------------+

2. REPORT DETAILS
-----------------
CFGBVS-1#1 Warning
Missing CFGBVS and CONFIG_VOLTAGE Design Properties  
Neither the CFGBVS nor CONFIG_VOLTAGE voltage property is set in the current_design.  Configuration bank voltage select (CFGBVS) must be set to VCCO or GND, and CONFIG_VOLTAGE must be set to the correct configuration voltage, in order to determine the I/O voltage support for the pins in bank 0.  It is suggested to specify these either using the 'Edit Device Properties' function in the GUI or directly in the XDC file using the following syntax:

 set_property CFGBVS value1 [current_design]
 #where value1 is either VCCO or GND

 set_property CONFIG_VOLTAGE value2 [current_design]
 #where value2 is the voltage provided to configuration bank 0

Refer to the device configuration user guide for more information.
Related violations: <none>

PDRC-153#1 Warning
Gated clock check  
Net de_coder/c1/c1/FSM_sequential_n_state_reg[1]_i_2_n_0 is a gated clock net sourced by a combinational pin de_coder/c1/c1/FSM_sequential_n_state_reg[1]_i_2/O, cell de_coder/c1/c1/FSM_sequential_n_state_reg[1]_i_2. This is not good design practice and will likely impact performance. For SLICE registers, for example, use the CE pin to control the loading of data.
Related violations: <none>

PDRC-153#2 Warning
Gated clock check  
Net de_coder/i1/i1/FSM_sequential_n_state_reg[3]_i_2_n_0 is a gated clock net sourced by a combinational pin de_coder/i1/i1/FSM_sequential_n_state_reg[3]_i_2/O, cell de_coder/i1/i1/FSM_sequential_n_state_reg[3]_i_2. This is not good design practice and will likely impact performance. For SLICE registers, for example, use the CE pin to control the loading of data.
Related violations: <none>

PDRC-153#3 Warning
Gated clock check  
Net firh1/firControl0/nextstate_reg[1]_i_2_n_0 is a gated clock net sourced by a combinational pin firh1/firControl0/nextstate_reg[1]_i_2/O, cell firh1/firControl0/nextstate_reg[1]_i_2. This is not good design practice and will likely impact performance. For SLICE registers, for example, use the CE pin to control the loading of data.
Related violations: <none>

PDRC-153#4 Warning
Gated clock check  
Net firh2/firControl0/nextstate_reg[1]_i_2__0_n_0 is a gated clock net sourced by a combinational pin firh2/firControl0/nextstate_reg[1]_i_2__0/O, cell firh2/firControl0/nextstate_reg[1]_i_2__0. This is not good design practice and will likely impact performance. For SLICE registers, for example, use the CE pin to control the loading of data.
Related violations: <none>


