#-----------------------------------------------------------
# Vivado v2017.1 (64-bit)
# SW Build 1846317 on Fri Apr 14 18:55:03 MDT 2017
# IP Build 1846188 on Fri Apr 14 20:52:08 MDT 2017
# Start of session at: Sat Jul 21 10:30:21 2018
# Process ID: 8008
# Current directory: F:/FPGADSP/vivado/voicechange
# Command line: vivado.exe -gui_launcher_event rodinguilauncherevent2904 F:\FPGADSP\vivado\voicechange\voicechange.xpr
# Log file: F:/FPGADSP/vivado/voicechange/vivado.log
# Journal file: F:/FPGADSP/vivado/voicechange\vivado.jou
#-----------------------------------------------------------
start_gui
open_project F:/FPGADSP/vivado/voicechange/voicechange.xpr
INFO: [Project 1-313] Project file moved from 'F:/src/vivado/voicechange' since last save.
Scanning sources...
Finished scanning sources
INFO: [IP_Flow 19-234] Refreshing IP repositories
INFO: [IP_Flow 19-1704] No user IP repositories specified
INFO: [IP_Flow 19-2313] Loaded Vivado IP repository 'D:/Xilinx/Vivado/2017.1/data/ip'.
open_project: Time (s): cpu = 00:00:07 ; elapsed = 00:00:05 . Memory (MB): peak = 767.891 ; gain = 38.496
update_compile_order -fileset sources_1
update_compile_order -fileset sources_1
exit
INFO: [Common 17-206] Exiting Vivado at Sat Jul 21 10:30:57 2018...
