#-----------------------------------------------------------
# Vivado v2017.1 (64-bit)
# SW Build 1846317 on Fri Apr 14 18:55:03 MDT 2017
# IP Build 1846188 on Fri Apr 14 20:52:08 MDT 2017
# Start of session at: Sat Jul 21 10:41:31 2018
# Process ID: 5464
# Current directory: D:/resource/study/lab20/FPGADSP/vivado/voicechange
# Command line: vivado.exe -gui_launcher_event rodinguilauncherevent15092 D:\resource\study\lab20\FPGADSP\vivado\voicechange\voicechange.xpr
# Log file: D:/resource/study/lab20/FPGADSP/vivado/voicechange/vivado.log
# Journal file: D:/resource/study/lab20/FPGADSP/vivado/voicechange\vivado.jou
#-----------------------------------------------------------
start_gui
open_project D:/resource/study/lab20/FPGADSP/vivado/voicechange/voicechange.xpr
INFO: [Project 1-313] Project file moved from 'F:/FPGADSP/vivado/voicechange' since last save.
Scanning sources...
Finished scanning sources
INFO: [IP_Flow 19-234] Refreshing IP repositories
INFO: [IP_Flow 19-1704] No user IP repositories specified
INFO: [IP_Flow 19-2313] Loaded Vivado IP repository 'F:/Xilinx/Vivado/2017.1/data/ip'.
open_project: Time (s): cpu = 00:00:17 ; elapsed = 00:00:06 . Memory (MB): peak = 827.512 ; gain = 106.797
update_compile_order -fileset sources_1
reset_run DCM_PLL_synth_1
reset_run InOutBuffer_synth_1
reset_run synth_1
launch_runs synth_1 -jobs 2
WARNING: [HDL 9-687] Illegal redeclaration of module <counterT>. [D:/resource/study/lab20/FPGADSP/src/counterT.v:1]
WARNING: [filemgmt 20-1318] Duplicate Design Unit 'counterT()' found in library 'xil_defaultlib'
Duplicate found at line 1 of file D:/resource/study/lab20/FPGADSP/src/Com/counterT.v
	(Active) Duplicate found at line 1 of file D:/resource/study/lab20/FPGADSP/src/counterT.v
[Sat Jul 21 10:49:10 2018] Launched DCM_PLL_synth_1, InOutBuffer_synth_1...
Run output will be captured here:
DCM_PLL_synth_1: D:/resource/study/lab20/FPGADSP/vivado/voicechange/voicechange.runs/DCM_PLL_synth_1/runme.log
InOutBuffer_synth_1: D:/resource/study/lab20/FPGADSP/vivado/voicechange/voicechange.runs/InOutBuffer_synth_1/runme.log
[Sat Jul 21 10:49:11 2018] Launched synth_1...
Run output will be captured here: D:/resource/study/lab20/FPGADSP/vivado/voicechange/voicechange.runs/synth_1/runme.log
launch_runs impl_1 -jobs 2
[Sat Jul 21 10:51:15 2018] Launched impl_1...
Run output will be captured here: D:/resource/study/lab20/FPGADSP/vivado/voicechange/voicechange.runs/impl_1/runme.log
launch_runs impl_1 -to_step write_bitstream -jobs 2
[Sat Jul 21 10:53:43 2018] Launched impl_1...
Run output will be captured here: D:/resource/study/lab20/FPGADSP/vivado/voicechange/voicechange.runs/impl_1/runme.log
open_hw
connect_hw_server
INFO: [Labtools 27-2285] Connecting to hw_server url TCP:localhost:3121
INFO: [Labtools 27-2222] Launching hw_server...
INFO: [Labtools 27-2221] Launch Output:

****** Xilinx hw_server v2017.1
  **** Build date : Apr 14 2017-19:11:07
    ** Copyright 1986-2017 Xilinx, Inc. All Rights Reserved.


open_hw_target
INFO: [Labtoolstcl 44-466] Opening hw_target localhost:3121/xilinx_tcf/Digilent/210276723747B
set_property PROGRAM.FILE {D:/resource/study/lab20/FPGADSP/vivado/voicechange/voicechange.runs/impl_1/deal_voice.bit} [get_hw_devices xc7a200t_0]
current_hw_device [get_hw_devices xc7a200t_0]
refresh_hw_device -update_hw_probes false [lindex [get_hw_devices xc7a200t_0] 0]
INFO: [Labtools 27-1434] Device xc7a200t (JTAG device index = 0) is programmed with a design that has no supported debug core(s) in it.
WARNING: [Labtools 27-3361] The debug hub core was not detected.
Resolution: 
1. Make sure the clock connected to the debug hub (dbg_hub) core is a free running clock and is active.
2. Make sure the BSCAN_SWITCH_USER_MASK device property in Vivado Hardware Manager reflects the user scan chain setting in the design and refresh the device.  To determine the user scan chain setting in the design, open the implemented design and use 'get_property C_USER_SCAN_CHAIN [get_debug_cores dbg_hub]'.
For more details on setting the scan chain property, consult the Vivado Debug and Programming User Guide (UG908).
set_property PROBES.FILE {} [get_hw_devices xc7a200t_0]
set_property FULL_PROBES.FILE {} [get_hw_devices xc7a200t_0]
set_property PROGRAM.FILE {D:/resource/study/lab20/FPGADSP/vivado/voicechange/voicechange.runs/impl_1/deal_voice.bit} [get_hw_devices xc7a200t_0]
program_hw_devices [get_hw_devices xc7a200t_0]
INFO: [Labtools 27-3164] End of startup status: HIGH
program_hw_devices: Time (s): cpu = 00:00:06 ; elapsed = 00:00:06 . Memory (MB): peak = 945.984 ; gain = 0.000
refresh_hw_device [lindex [get_hw_devices xc7a200t_0] 0]
INFO: [Labtools 27-1434] Device xc7a200t (JTAG device index = 0) is programmed with a design that has no supported debug core(s) in it.
WARNING: [Labtools 27-3361] The debug hub core was not detected.
Resolution: 
1. Make sure the clock connected to the debug hub (dbg_hub) core is a free running clock and is active.
2. Make sure the BSCAN_SWITCH_USER_MASK device property in Vivado Hardware Manager reflects the user scan chain setting in the design and refresh the device.  To determine the user scan chain setting in the design, open the implemented design and use 'get_property C_USER_SCAN_CHAIN [get_debug_cores dbg_hub]'.
For more details on setting the scan chain property, consult the Vivado Debug and Programming User Guide (UG908).
exit
INFO: [Common 17-206] Exiting Vivado at Sat Jul 21 11:00:45 2018...
